Start testing: Jul 07 15:43 EDT
----------------------------------------------------------
1/1 Testing: loggerTest
1/1 Test: loggerTest
Command: "/home/jeff/STM32CubeIDE/workspace_1.12.1/Intruder-Detection-System/build/loggerTest"
Directory: /home/jeff/STM32CubeIDE/workspace_1.12.1/Intruder-Detection-System/build
"loggerTest" start time: Jul 07 15:43 EDT
Output:
----------------------------------------------------------
Running main() from ./googletest/src/gtest_main.cc
[==========] Running 1 test from 1 test suite.
[----------] Global test environment set-up.
[----------] 1 test from CustomLogTest
[ RUN      ] CustomLogTest.TestLogSingleThread
[       OK ] CustomLogTest.TestLogSingleThread (0 ms)
[----------] 1 test from CustomLogTest (0 ms total)

[----------] Global test environment tear-down
[==========] 1 test from 1 test suite ran. (0 ms total)
[  PASSED  ] 1 test.
<end of output>
Test time =   0.00 sec
----------------------------------------------------------
Test Passed.
"loggerTest" end time: Jul 07 15:43 EDT
"loggerTest" time elapsed: 00:00:00
----------------------------------------------------------

End testing: Jul 07 15:43 EDT
