Start testing: Jul 07 19:44 EDT
----------------------------------------------------------
1/1 Testing: loggerTest
1/1 Test: loggerTest
Command: "/home/jeff/STM32CubeIDE/workspace_1.12.1/Intruder-Detection-System/build/loggerTest"
Directory: /home/jeff/STM32CubeIDE/workspace_1.12.1/Intruder-Detection-System/build
"loggerTest" start time: Jul 07 19:44 EDT
Output:
----------------------------------------------------------
Running main() from ./googletest/src/gtest_main.cc
[==========] Running 2 tests from 1 test suite.
[----------] Global test environment set-up.
[----------] 2 tests from CustomLogTest
[ RUN      ] CustomLogTest.TestLogSingleThread
[       OK ] CustomLogTest.TestLogSingleThread (0 ms)
[ RUN      ] CustomLogTest.TestReadAndWriteLog
[       OK ] CustomLogTest.TestReadAndWriteLog (0 ms)
[----------] 2 tests from CustomLogTest (0 ms total)

[----------] Global test environment tear-down
[==========] 2 tests from 1 test suite ran. (0 ms total)
[  PASSED  ] 2 tests.
<end of output>
Test time =   0.00 sec
----------------------------------------------------------
Test Passed.
"loggerTest" end time: Jul 07 19:44 EDT
"loggerTest" time elapsed: 00:00:00
----------------------------------------------------------

End testing: Jul 07 19:44 EDT
