Start testing: Jul 20 17:06 EDT
----------------------------------------------------------
4/4 Testing: sensorDataTest
4/4 Test: sensorDataTest
Command: "/home/jeff/STM32CubeIDE/workspace_1.12.1/Intruder-Detection-System/build/unit/data/sensorData/sensorDataTest"
Directory: /home/jeff/STM32CubeIDE/workspace_1.12.1/Intruder-Detection-System/build/unit/data/sensorData
"sensorDataTest" start time: Jul 20 17:06 EDT
Output:
----------------------------------------------------------
Running main() from ./googletest/src/gtest_main.cc
[==========] Running 3 tests from 1 test suite.
[----------] Global test environment set-up.
[----------] 3 tests from SensorDataTest
[ RUN      ] SensorDataTest.testDefaultValues
[       OK ] SensorDataTest.testDefaultValues (0 ms)
[ RUN      ] SensorDataTest.testParameterUpdates
[       OK ] SensorDataTest.testParameterUpdates (0 ms)
[ RUN      ] SensorDataTest.testFullUpdate
<end of output>
Test time =   0.13 sec
----------------------------------------------------------
Test Failed.
"sensorDataTest" end time: Jul 20 17:06 EDT
"sensorDataTest" time elapsed: 00:00:00
----------------------------------------------------------

End testing: Jul 20 17:06 EDT
