Start testing: Jul 18 17:30 EDT
----------------------------------------------------------
2/2 Testing: gatewayDeviceAppTest
2/2 Test: gatewayDeviceAppTest
Command: "/home/jeff/STM32CubeIDE/workspace_1.12.1/Intruder-Detection-System/build/integration/app/gatewayDeviceAppTest"
Directory: /home/jeff/STM32CubeIDE/workspace_1.12.1/Intruder-Detection-System/build/integration/app
"gatewayDeviceAppTest" start time: Jul 18 17:30 EDT
Output:
----------------------------------------------------------
Running main() from ./googletest/src/gtest_main.cc
[==========] Running 1 test from 1 test suite.
[----------] Global test environment set-up.
[----------] 1 test from GatewayDeviceAppTest
[ RUN      ] GatewayDeviceAppTest.testStartAndStopGatewayApp
<end of output>
Test time =  30.00 sec
----------------------------------------------------------
Test Passed.
"gatewayDeviceAppTest" end time: Jul 18 17:30 EDT
"gatewayDeviceAppTest" time elapsed: 00:00:30
----------------------------------------------------------

End testing: Jul 18 17:30 EDT
