<?xml version="1.0" encoding="UTF-8"?>
<Site BuildName="Linux-g++"
	BuildStamp="20230707-0101-Experimental"
	Name="jeff-pc"
	Generator="ctest-3.22.1"
	CompilerName="/usr/bin/g++"
	CompilerVersion="11.3.0"
	OSName="Linux"
	Hostname="jeff-pc"
	OSRelease="5.19.0-42-generic"
	OSVersion="#43~22.04.1-Ubuntu SMP PREEMPT_DYNAMIC Fri Apr 21 16:51:08 UTC 2"
	OSPlatform="x86_64"
	Is64Bits="1"
	VendorString="GenuineIntel"
	VendorID="Intel Corporation"
	FamilyID="6"
	ModelID="154"
	ProcessorCacheSize="12288"
	NumberOfLogicalCPU="12"
	NumberOfPhysicalCPU="10"
	TotalVirtualMemory="0"
	TotalPhysicalMemory="15669"
	LogicalProcessorsPerPhysical="1"
	ProcessorClockFrequency="3095.12"
	>
	<Testing>
		<StartDateTime>Jul 07 15:25 EDT</StartDateTime>
		<StartTestTime>1688757950</StartTestTime>
		<TestList>
			<Test>./loggerTest</Test>
		</TestList>
		<Test Status="passed">
			<Name>loggerTest</Name>
			<Path>.</Path>
			<FullName>./loggerTest</FullName>
			<FullCommandLine>/home/jeff/STM32CubeIDE/workspace_1.12.1/Intruder-Detection-System/build/loggerTest</FullCommandLine>
			<Results>
				<NamedMeasurement type="numeric/double" name="Execution Time">
					<Value>0.00260201</Value>
				</NamedMeasurement>
				<NamedMeasurement type="numeric/double" name="Processors">
					<Value>1</Value>
				</NamedMeasurement>
				<NamedMeasurement type="text/string" name="Completion Status">
					<Value>Completed</Value>
				</NamedMeasurement>
				<NamedMeasurement type="text/string" name="Command Line">
					<Value>/home/jeff/STM32CubeIDE/workspace_1.12.1/Intruder-Detection-System/build/loggerTest</Value>
				</NamedMeasurement>
				<NamedMeasurement type="text/string" name="Environment">
					<Value>#CTEST_RESOURCE_GROUP_COUNT=</Value>
				</NamedMeasurement>
				<Measurement>
					<Value encoding="base64" compression="gzip">eJyNkMFqwzAMhu9+Ch2bQ5ztAXYoW+mhYxtJegphuKnqBWxp2M76+rXnUpZBIf/B/FifbOmvJ6KRNFg10qqAk2MLstLM2mBAHyrvhkon95kQOQyie7qph/ra/wiJyf1X76cxoBRdeVMPW8MHZXId6Wd0TBYpshjK6fsf/PfN58kHtq+s23glOqj3b/Crfl6S6Yi+iUMZbL8cqmPEs953S3BYPYD1xcJZMg2BgzKFWLZtQOXKI59pnuW9DMEpkvN/4kYf66bZvKQAMivFBcGMka8=</Value>
				</Measurement>
			</Results>
		</Test>
		<EndDateTime>Jul 07 15:25 EDT</EndDateTime>
		<EndTestTime>1688757950</EndTestTime>
		<ElapsedMinutes>0</ElapsedMinutes>
	</Testing>
</Site>
