<?xml version="1.0" encoding="UTF-8"?>
<Site BuildName="Linux-g++"
	BuildStamp="20230719-2016-Experimental"
	Name="jeff-pc"
	Generator="ctest-3.22.1"
	CompilerName="/usr/bin/g++"
	CompilerVersion="11.3.0"
	OSName="Linux"
	Hostname="jeff-pc"
	OSRelease="5.19.0-42-generic"
	OSVersion="#43~22.04.1-Ubuntu SMP PREEMPT_DYNAMIC Fri Apr 21 16:51:08 UTC 2"
	OSPlatform="x86_64"
	Is64Bits="1"
	VendorString="GenuineIntel"
	VendorID="Intel Corporation"
	FamilyID="6"
	ModelID="154"
	ProcessorCacheSize="12288"
	NumberOfLogicalCPU="12"
	NumberOfPhysicalCPU="10"
	TotalVirtualMemory="0"
	TotalPhysicalMemory="15669"
	LogicalProcessorsPerPhysical="1"
	ProcessorClockFrequency="3993.82"
	>
	<Testing>
		<StartDateTime>Jul 19 16:16 EDT</StartDateTime>
		<StartTestTime>1689797798</StartTestTime>
		<TestList/>
		<EndDateTime>Jul 19 16:16 EDT</EndDateTime>
		<EndTestTime>1689797798</EndTestTime>
		<ElapsedMinutes>0</ElapsedMinutes>
	</Testing>
</Site>
