<?xml version="1.0" encoding="UTF-8"?>
<Site BuildName="Linux-g++"
	BuildStamp="20230708-0045-Experimental"
	Name="jeff-pc"
	Generator="ctest-3.22.1"
	CompilerName="/usr/bin/g++"
	CompilerVersion="11.3.0"
	OSName="Linux"
	Hostname="jeff-pc"
	OSRelease="5.19.0-42-generic"
	OSVersion="#43~22.04.1-Ubuntu SMP PREEMPT_DYNAMIC Fri Apr 21 16:51:08 UTC 2"
	OSPlatform="x86_64"
	Is64Bits="1"
	VendorString="GenuineIntel"
	VendorID="Intel Corporation"
	FamilyID="6"
	ModelID="154"
	ProcessorCacheSize="12288"
	NumberOfLogicalCPU="12"
	NumberOfPhysicalCPU="10"
	TotalVirtualMemory="0"
	TotalPhysicalMemory="15669"
	LogicalProcessorsPerPhysical="1"
	ProcessorClockFrequency="3688.97"
	>
	<Testing>
		<StartDateTime>Jul 08 16:46 EDT</StartDateTime>
		<StartTestTime>1688849173</StartTestTime>
		<TestList>
			<Test>./loggerTest</Test>
		</TestList>
		<Test Status="passed">
			<Name>loggerTest</Name>
			<Path>.</Path>
			<FullName>./loggerTest</FullName>
			<FullCommandLine>/home/jeff/STM32CubeIDE/workspace_1.12.1/Intruder-Detection-System/build/loggerTest</FullCommandLine>
			<Results>
				<NamedMeasurement type="numeric/double" name="Execution Time">
					<Value>0.00372177</Value>
				</NamedMeasurement>
				<NamedMeasurement type="numeric/double" name="Processors">
					<Value>1</Value>
				</NamedMeasurement>
				<NamedMeasurement type="text/string" name="Completion Status">
					<Value>Completed</Value>
				</NamedMeasurement>
				<NamedMeasurement type="text/string" name="Command Line">
					<Value>/home/jeff/STM32CubeIDE/workspace_1.12.1/Intruder-Detection-System/build/loggerTest</Value>
				</NamedMeasurement>
				<NamedMeasurement type="text/string" name="Environment">
					<Value>#CTEST_RESOURCE_GROUP_COUNT=</Value>
				</NamedMeasurement>
				<Measurement>
					<Value encoding="base64" compression="gzip">eJyVkk1PwzAMhu/5FT62h6ZMnDlMgDgwPtQOcagqlLUhi5Q4U5LC38dZp4pOQis+RI7z2G/spBoQNSqwQmOWw6d3FnipnFNGRhliGXxXquR9JIR3HWtuJmuhOuVfQ2LCWGB13EAYdJScNcVkLTwYtxNmPJf4pb1DK5FYGYvhcAbPit4OITq7cWpLMdZA9fYMR2vnRzwt5Nd0LSO3ey9FT/hoL49LcMiuwIb8kkhF6Br7d09tUvySyBm+UIT8p8FEffhHL/OESWjZaEccoovC5GzZ60UpfNG7b5x/jj8/BXiBHLLVLyHq6nVd1/d3aQynRM5+AJP81tE=</Value>
				</Measurement>
			</Results>
		</Test>
		<EndDateTime>Jul 08 16:46 EDT</EndDateTime>
		<EndTestTime>1688849173</EndTestTime>
		<ElapsedMinutes>0</ElapsedMinutes>
	</Testing>
</Site>
