<?xml version="1.0" encoding="UTF-8"?>
<Site BuildName="Linux-g++"
	BuildStamp="20230720-1641-Experimental"
	Name="jeff-pc"
	Generator="ctest-3.22.1"
	CompilerName="/usr/bin/g++"
	CompilerVersion="11.3.0"
	OSName="Linux"
	Hostname="jeff-pc"
	OSRelease="5.19.0-42-generic"
	OSVersion="#43~22.04.1-Ubuntu SMP PREEMPT_DYNAMIC Fri Apr 21 16:51:08 UTC 2"
	OSPlatform="x86_64"
	Is64Bits="1"
	VendorString="GenuineIntel"
	VendorID="Intel Corporation"
	FamilyID="6"
	ModelID="154"
	ProcessorCacheSize="12288"
	NumberOfLogicalCPU="12"
	NumberOfPhysicalCPU="10"
	TotalVirtualMemory="0"
	TotalPhysicalMemory="15669"
	LogicalProcessorsPerPhysical="1"
	ProcessorClockFrequency="3523.17"
	>
	<Testing>
		<StartDateTime>Jul 20 17:06 EDT</StartDateTime>
		<StartTestTime>1689887207</StartTestTime>
		<TestList>
			<Test>./unit/data/sensorData/sensorDataTest</Test>
		</TestList>
		<Test Status="failed">
			<Name>sensorDataTest</Name>
			<Path>./unit/data/sensorData</Path>
			<FullName>./unit/data/sensorData/sensorDataTest</FullName>
			<FullCommandLine>/home/jeff/STM32CubeIDE/workspace_1.12.1/Intruder-Detection-System/build/unit/data/sensorData/sensorDataTest</FullCommandLine>
			<Results>
				<NamedMeasurement type="text/string" name="Exit Code">
					<Value>SEGFAULT</Value>
				</NamedMeasurement>
				<NamedMeasurement type="text/string" name="Exit Value">
					<Value>0</Value>
				</NamedMeasurement>
				<NamedMeasurement type="numeric/double" name="Execution Time">
					<Value>0.128142</Value>
				</NamedMeasurement>
				<NamedMeasurement type="numeric/double" name="Processors">
					<Value>1</Value>
				</NamedMeasurement>
				<NamedMeasurement type="text/string" name="Completion Status">
					<Value>Completed</Value>
				</NamedMeasurement>
				<NamedMeasurement type="text/string" name="Command Line">
					<Value>/home/jeff/STM32CubeIDE/workspace_1.12.1/Intruder-Detection-System/build/unit/data/sensorData/sensorDataTest</Value>
				</NamedMeasurement>
				<NamedMeasurement type="text/string" name="Environment">
					<Value>#CTEST_RESOURCE_GROUP_COUNT=</Value>
				</NamedMeasurement>
				<Measurement>
					<Value encoding="base64" compression="gzip">eJyNkLsOgkAQRfv9iimlADTWdkQLEzUoNoSYEYcNyT7IPvx+gTUk0sit5nHu3GRyr1SrOEhs1SqCxmgJScq15oIcWZdaU6d8qB4DktQ1K3eTKsi//i0MjA0HNmMD1reOElbGkyo4CP1EEfak3q3RSpLqWXKx72bwz9ErKatNhg5v/ZCVkBcnGFXNdsngyqhBL9wdhSfb00Hn4wIaVmuQNvobcUGDsv+SKboXugUpc8PSoL0XIljYB70Fjdw=</Value>
				</Measurement>
			</Results>
		</Test>
		<EndDateTime>Jul 20 17:06 EDT</EndDateTime>
		<EndTestTime>1689887207</EndTestTime>
		<ElapsedMinutes>0</ElapsedMinutes>
	</Testing>
</Site>
